<?xml version="1.0" encoding="UTF-8" ?>
<!DOCTYPE mapper PUBLIC "-//mybatis.org//DTD Mapper 3.0//EN" "http://mybatis.org/dtd/mybatis-3-mapper.dtd" >
<mapper namespace="com.xzj.slump.dao.TestDao">
    <resultMap id="BaseResultMap" type="com.xzj.slump.entity.Test">
        <result column="id" property="id" jdbcType="INTEGER"/>
        <result column="name" property="name" jdbcType="VARCHAR"/>
    </resultMap>

    <sql id="Base_Column_List">
        id, name
    </sql>

    <select id="getName" parameterType="java.lang.Integer" resultMap="BaseResultMap">
        SELECT
        name
        FROM test
        WHERE id = #{id}
    </select>
</mapper>